Added Pin To Net: NetName=+5V (Dirty) Pin=DC/DC1-1
Added Pin To Net: NetName=+5V (Dirty) Pin=PLD1-1
Added Net: Name=+5V (Dirty)
Added Pin To Net: NetName=+5V Pin=C3-1
Added Pin To Net: NetName=+5V Pin=C4-1
Added Pin To Net: NetName=+5V Pin=C8-1
Added Pin To Net: NetName=+5V Pin=C12-2
Added Pin To Net: NetName=+5V Pin=DA1-3
Added Pin To Net: NetName=+5V Pin=DC/DC1-6
Added Pin To Net: NetName=+5V Pin=DD1-15
Added Pin To Net: NetName=+5V Pin=DD1-22
Added Pin To Net: NetName=+5V Pin=DD2-1
Added Pin To Net: NetName=+5V Pin=DD3-8
Added Pin To Net: NetName=+5V Pin=R4-2
Added Pin To Net: NetName=+5V Pin=R6-2
Added Pin To Net: NetName=+5V Pin=R12-2
Added Net: Name=+5V
Added Pin To Net: NetName=AVCC Pin=C6-2
Added Pin To Net: NetName=AVCC Pin=C7-2
Added Pin To Net: NetName=AVCC Pin=DJ1-H1
Added Pin To Net: NetName=AVCC Pin=DJ1-K4
Added Pin To Net: NetName=AVCC Pin=I1-2
Added Net: Name=AVCC
Added Pin To Net: NetName=CLR2 Pin=DD2-6
Added Pin To Net: NetName=CLR2 Pin=DJ1-H10
Added Net: Name=CLR2
Added Pin To Net: NetName=CP Pin=DJ1-F2
Added Pin To Net: NetName=CP Pin=R9-2
Added Net: Name=CP
Added Pin To Net: NetName=Data Pin=DJ1-F1
Added Pin To Net: NetName=Data Pin=R8-2
Added Net: Name=Data
Added Pin To Net: NetName=EO Pin=DJ1-H2
Added Pin To Net: NetName=EO Pin=R11-2
Added Net: Name=EO
Added Pin To Net: NetName=GND(Dirty) Pin=DC/DC1-2
Added Pin To Net: NetName=GND(Dirty) Pin=PLD1-2
Added Net: Name=GND(Dirty)
Added Pin To Net: NetName=GND Pin=C1-2
Added Pin To Net: NetName=GND Pin=C2-2
Added Pin To Net: NetName=GND Pin=C3-2
Added Pin To Net: NetName=GND Pin=C4-2
Added Pin To Net: NetName=GND Pin=C5-1
Added Pin To Net: NetName=GND Pin=C6-1
Added Pin To Net: NetName=GND Pin=C7-1
Added Pin To Net: NetName=GND Pin=C8-2
Added Pin To Net: NetName=GND Pin=C9-2
Added Pin To Net: NetName=GND Pin=C10-2
Added Pin To Net: NetName=GND Pin=C11-1
Added Pin To Net: NetName=GND Pin=C12-1
Added Pin To Net: NetName=GND Pin=C14-1
Added Pin To Net: NetName=GND Pin=C15-1
Added Pin To Net: NetName=GND Pin=D1-4
Added Pin To Net: NetName=GND Pin=DA1-1
Added Pin To Net: NetName=GND Pin=DA2-2
Added Pin To Net: NetName=GND Pin=DC/DC1-4
Added Pin To Net: NetName=GND Pin=DD1-9
Added Pin To Net: NetName=GND Pin=DD1-13
Added Pin To Net: NetName=GND Pin=DD1-21
Added Pin To Net: NetName=GND Pin=DD2-7
Added Pin To Net: NetName=GND Pin=DD3-4
Added Pin To Net: NetName=GND Pin=DJ1-A3
Added Pin To Net: NetName=GND Pin=DJ1-A6
Added Pin To Net: NetName=GND Pin=DJ1-A8
Added Pin To Net: NetName=GND Pin=DJ1-D1
Added Pin To Net: NetName=GND Pin=DJ1-D10
Added Pin To Net: NetName=GND Pin=DJ1-G1
Added Pin To Net: NetName=GND Pin=DJ1-G10
Added Pin To Net: NetName=GND Pin=DJ1-K3
Added Pin To Net: NetName=GND Pin=DJ1-K7
Added Pin To Net: NetName=GND Pin=DJ1-K9
Added Pin To Net: NetName=GND Pin=G1-2
Added Pin To Net: NetName=GND Pin=G1-3
Added Pin To Net: NetName=GND Pin=G2-2
Added Pin To Net: NetName=GND Pin=G2-3
Added Pin To Net: NetName=GND Pin=ID1-5
Added Pin To Net: NetName=GND Pin=PLD2-6
Added Pin To Net: NetName=GND Pin=PLDW1-6
Added Pin To Net: NetName=GND Pin=R3-1
Added Pin To Net: NetName=GND Pin=R7-1
Added Pin To Net: NetName=GND Pin=VDS1-2
Added Pin To Net: NetName=GND Pin=VDS2-2
Added Net: Name=GND
Added Pin To Net: NetName=LD2 Pin=DD2-5
Added Pin To Net: NetName=LD2 Pin=DJ1-J9
Added Net: Name=LD2
Added Pin To Net: NetName=MISO1 Pin=DD1-19
Added Pin To Net: NetName=MISO1 Pin=DJ1-G7
Added Net: Name=MISO1
Added Pin To Net: NetName=MOSI1 Pin=DD1-20
Added Pin To Net: NetName=MOSI1 Pin=DJ1-H7
Added Net: Name=MOSI1
Added Pin To Net: NetName=MOSI2 Pin=DD2-4
Added Pin To Net: NetName=MOSI2 Pin=DJ1-H8
Added Net: Name=MOSI2
Added Pin To Net: NetName=NetC1_1 Pin=C1-1
Added Pin To Net: NetName=NetC1_1 Pin=DD1-24
Added Pin To Net: NetName=NetC1_1 Pin=R1-2
Added Pin To Net: NetName=NetC1_1 Pin=X1-2
Added Net: Name=NetC1_1
Added Pin To Net: NetName=NetC2_1 Pin=C2-1
Added Pin To Net: NetName=NetC2_1 Pin=DD1-23
Added Pin To Net: NetName=NetC2_1 Pin=R1-1
Added Pin To Net: NetName=NetC2_1 Pin=X1-1
Added Net: Name=NetC2_1
Added Pin To Net: NetName=NetC13_1 Pin=C13-1
Added Pin To Net: NetName=NetC13_1 Pin=DD3-6
Added Pin To Net: NetName=NetC13_1 Pin=R4-1
Added Pin To Net: NetName=NetC13_1 Pin=R5-2
Added Pin To Net: NetName=NetC13_1 Pin=VT1-3
Added Net: Name=NetC13_1
Added Pin To Net: NetName=NetC13_2 Pin=C13-2
Added Pin To Net: NetName=NetC13_2 Pin=DD3-7
Added Pin To Net: NetName=NetC13_2 Pin=VT3-1
Added Net: Name=NetC13_2
Added Pin To Net: NetName=NetC14_2 Pin=C14-2
Added Pin To Net: NetName=NetC14_2 Pin=DJ1-E1
Added Pin To Net: NetName=NetC14_2 Pin=X2-1
Added Net: Name=NetC14_2
Added Pin To Net: NetName=NetC15_2 Pin=C15-2
Added Pin To Net: NetName=NetC15_2 Pin=DJ1-E2
Added Pin To Net: NetName=NetC15_2 Pin=X2-2
Added Net: Name=NetC15_2
Added Pin To Net: NetName=NetD1_5 Pin=D1-5
Added Pin To Net: NetName=NetD1_5 Pin=ID1-4
Added Net: Name=NetD1_5
Added Pin To Net: NetName=NetD1_6 Pin=D1-6
Added Pin To Net: NetName=NetD1_6 Pin=ID1-3
Added Net: Name=NetD1_6
Added Pin To Net: NetName=NetD1_7 Pin=D1-7
Added Pin To Net: NetName=NetD1_7 Pin=ID1-2
Added Net: Name=NetD1_7
Added Pin To Net: NetName=NetD1_8 Pin=D1-8
Added Pin To Net: NetName=NetD1_8 Pin=ID1-1
Added Net: Name=NetD1_8
Added Pin To Net: NetName=NetDA2_4 Pin=DA2-4
Added Pin To Net: NetName=NetDA2_4 Pin=R2-1
Added Pin To Net: NetName=NetDA2_4 Pin=R3-2
Added Net: Name=NetDA2_4
Added Pin To Net: NetName=NetDD2_8 Pin=DD2-8
Added Pin To Net: NetName=NetDD2_8 Pin=DD3-3
Added Net: Name=NetDD2_8
Added Pin To Net: NetName=NetDD3_1 Pin=DD3-1
Added Pin To Net: NetName=NetDD3_1 Pin=VT2-1
Added Net: Name=NetDD3_1
Added Pin To Net: NetName=NetDD3_2 Pin=DD3-2
Added Pin To Net: NetName=NetDD3_2 Pin=R7-2
Added Pin To Net: NetName=NetDD3_2 Pin=VT2-3
Added Net: Name=NetDD3_2
Added Pin To Net: NetName=NetDD3_5 Pin=DD3-5
Added Pin To Net: NetName=NetDD3_5 Pin=R6-1
Added Pin To Net: NetName=NetDD3_5 Pin=VT2-2
Added Net: Name=NetDD3_5
Added Pin To Net: NetName=NetG1_1 Pin=G1-1
Added Pin To Net: NetName=NetG1_1 Pin=R9-1
Added Net: Name=NetG1_1
Added Pin To Net: NetName=NetG1_4 Pin=G1-4
Added Pin To Net: NetName=NetG1_4 Pin=R8-1
Added Net: Name=NetG1_4
Added Pin To Net: NetName=NetG1_5 Pin=G1-5
Added Pin To Net: NetName=NetG1_5 Pin=G2-5
Added Pin To Net: NetName=NetG1_5 Pin=PLD2-7
Added Net: Name=NetG1_5
Added Pin To Net: NetName=NetG1_6 Pin=G1-6
Added Pin To Net: NetName=NetG1_6 Pin=PLD2-1
Added Pin To Net: NetName=NetG1_6 Pin=R14-1
Added Net: Name=NetG1_6
Added Pin To Net: NetName=NetG1_7 Pin=G1-7
Added Pin To Net: NetName=NetG1_7 Pin=PLD2-2
Added Pin To Net: NetName=NetG1_7 Pin=R15-1
Added Net: Name=NetG1_7
Added Pin To Net: NetName=NetG1_8 Pin=G1-8
Added Pin To Net: NetName=NetG1_8 Pin=G2-8
Added Pin To Net: NetName=NetG1_8 Pin=PLD2-9
Added Pin To Net: NetName=NetG1_8 Pin=R14-2
Added Pin To Net: NetName=NetG1_8 Pin=R15-2
Added Pin To Net: NetName=NetG1_8 Pin=R16-2
Added Pin To Net: NetName=NetG1_8 Pin=R17-2
Added Net: Name=NetG1_8
Added Pin To Net: NetName=NetG2_1 Pin=G2-1
Added Pin To Net: NetName=NetG2_1 Pin=R11-1
Added Net: Name=NetG2_1
Added Pin To Net: NetName=NetG2_4 Pin=G2-4
Added Pin To Net: NetName=NetG2_4 Pin=R10-1
Added Net: Name=NetG2_4
Added Pin To Net: NetName=NetG2_6 Pin=G2-6
Added Pin To Net: NetName=NetG2_6 Pin=PLD2-3
Added Pin To Net: NetName=NetG2_6 Pin=R16-1
Added Net: Name=NetG2_6
Added Pin To Net: NetName=NetG2_7 Pin=G2-7
Added Pin To Net: NetName=NetG2_7 Pin=PLD2-4
Added Pin To Net: NetName=NetG2_7 Pin=R17-1
Added Net: Name=NetG2_7
Added Pin To Net: NetName=NetR5_1 Pin=R5-1
Added Pin To Net: NetName=NetR5_1 Pin=VT1-2
Added Pin To Net: NetName=NetR5_1 Pin=VT3-3
Added Net: Name=NetR5_1
Added Pin To Net: NetName=NetR12_1 Pin=R12-1
Added Pin To Net: NetName=NetR12_1 Pin=VDS1-1
Added Net: Name=NetR12_1
Added Pin To Net: NetName=NetR13_2 Pin=R13-2
Added Pin To Net: NetName=NetR13_2 Pin=VDS2-1
Added Net: Name=NetR13_2
Added Pin To Net: NetName=PDI Pin=DJ1-F4
Added Pin To Net: NetName=PDI Pin=PLDW1-1
Added Net: Name=PDI
Added Pin To Net: NetName=R_x Pin=D1-2
Added Pin To Net: NetName=R_x Pin=DJ1-F6
Added Net: Name=R_x
Added Pin To Net: NetName=RDY1 Pin=DD1-18
Added Pin To Net: NetName=RDY1 Pin=DJ1-G6
Added Net: Name=RDY1
Added Pin To Net: NetName=RESET Pin=DJ1-F3
Added Pin To Net: NetName=RESET Pin=PLDW1-5
Added Net: Name=RESET
Added Pin To Net: NetName=SCK1 Pin=DD1-16
Added Pin To Net: NetName=SCK1 Pin=DJ1-J8
Added Net: Name=SCK1
Added Pin To Net: NetName=SCK2 Pin=DD2-3
Added Pin To Net: NetName=SCK2 Pin=DJ1-G8
Added Net: Name=SCK2
Added Pin To Net: NetName=SS1 Pin=DD1-17
Added Pin To Net: NetName=SS1 Pin=DJ1-J7
Added Net: Name=SS1
Added Pin To Net: NetName=SS2 Pin=DD2-2
Added Pin To Net: NetName=SS2 Pin=DJ1-H9
Added Net: Name=SS2
Added Pin To Net: NetName=STR Pin=DJ1-G2
Added Pin To Net: NetName=STR Pin=R10-2
Added Net: Name=STR
Added Pin To Net: NetName=T_x Pin=D1-3
Added Pin To Net: NetName=T_x Pin=DJ1-J6
Added Net: Name=T_x
Added Pin To Net: NetName=VCC 3.3 Pin=C5-2
Added Pin To Net: NetName=VCC 3.3 Pin=C9-1
Added Pin To Net: NetName=VCC 3.3 Pin=C11-2
Added Pin To Net: NetName=VCC 3.3 Pin=D1-1
Added Pin To Net: NetName=VCC 3.3 Pin=DA1-4
Added Pin To Net: NetName=VCC 3.3 Pin=DA2-1
Added Pin To Net: NetName=VCC 3.3 Pin=DA2-3
Added Pin To Net: NetName=VCC 3.3 Pin=DJ1-A2
Added Pin To Net: NetName=VCC 3.3 Pin=DJ1-A5
Added Pin To Net: NetName=VCC 3.3 Pin=DJ1-A9
Added Pin To Net: NetName=VCC 3.3 Pin=DJ1-C1
Added Pin To Net: NetName=VCC 3.3 Pin=DJ1-C10
Added Pin To Net: NetName=VCC 3.3 Pin=DJ1-F10
Added Pin To Net: NetName=VCC 3.3 Pin=DJ1-K6
Added Pin To Net: NetName=VCC 3.3 Pin=DJ1-K8
Added Pin To Net: NetName=VCC 3.3 Pin=I1-1
Added Pin To Net: NetName=VCC 3.3 Pin=PLDW1-2
Added Pin To Net: NetName=VCC 3.3 Pin=R13-1
Added Net: Name=VCC 3.3
Added Pin To Net: NetName=VREF-1.8 Pin=C10-1
Added Pin To Net: NetName=VREF-1.8 Pin=DA2-5
Added Pin To Net: NetName=VREF-1.8 Pin=DJ1-J1
Added Pin To Net: NetName=VREF-1.8 Pin=R2-2
Added Net: Name=VREF-1.8
Added Pin To Net: NetName=X1 Pin=DD1-5
Added Pin To Net: NetName=X1 Pin=PLD2-5
Added Pin To Net: NetName=X1 Pin=VT1-1
Added Pin To Net: NetName=X1 Pin=VT3-2
Added Net: Name=X1
Added Class: Name=Sheet4
